0 info it worked if it ends with ok
1 verbose cli [ '/usr/local/bin/node', '/usr/local/bin/npm', 'publish' ]
2 info using npm@1.4.28
3 info using node@v0.10.33
4 verbose publish [ '.' ]
5 verbose cache add [ '.', null ]
6 verbose cache add name=undefined spec="." args=[".",null]
7 verbose parsed url { protocol: null,
7 verbose parsed url   slashes: null,
7 verbose parsed url   auth: null,
7 verbose parsed url   host: null,
7 verbose parsed url   port: null,
7 verbose parsed url   hostname: null,
7 verbose parsed url   hash: null,
7 verbose parsed url   search: null,
7 verbose parsed url   query: null,
7 verbose parsed url   pathname: '.',
7 verbose parsed url   path: '.',
7 verbose parsed url   href: '.' }
8 silly lockFile 3a52ce78- .
9 verbose lock . /home/jose/.npm/3a52ce78-.lock
10 verbose tar pack [ '/home/jose/.npm/ep_font_family/0.1.1/package.tgz', '.' ]
11 verbose tarball /home/jose/.npm/ep_font_family/0.1.1/package.tgz
12 verbose folder .
13 info prepublish ep_font_family@0.1.1
14 silly lockFile 1f1177db-tar tar://.
15 verbose lock tar://. /home/jose/.npm/1f1177db-tar.lock
16 silly lockFile b3fc0e03-ep-font-family-0-1-1-package-tgz tar:///home/jose/.npm/ep_font_family/0.1.1/package.tgz
17 verbose lock tar:///home/jose/.npm/ep_font_family/0.1.1/package.tgz /home/jose/.npm/b3fc0e03-ep-font-family-0-1-1-package-tgz.lock
18 silly lockFile 1f1177db-tar tar://.
19 silly lockFile 1f1177db-tar tar://.
20 silly lockFile b3fc0e03-ep-font-family-0-1-1-package-tgz tar:///home/jose/.npm/ep_font_family/0.1.1/package.tgz
21 silly lockFile b3fc0e03-ep-font-family-0-1-1-package-tgz tar:///home/jose/.npm/ep_font_family/0.1.1/package.tgz
22 silly lockFile 40edae80-npm-ep-font-family-0-1-1-package /home/jose/.npm/ep_font_family/0.1.1/package
23 verbose lock /home/jose/.npm/ep_font_family/0.1.1/package /home/jose/.npm/40edae80-npm-ep-font-family-0-1-1-package.lock
24 silly lockFile 40edae80-npm-ep-font-family-0-1-1-package /home/jose/.npm/ep_font_family/0.1.1/package
25 silly lockFile 40edae80-npm-ep-font-family-0-1-1-package /home/jose/.npm/ep_font_family/0.1.1/package
26 silly lockFile 3a52ce78- .
27 silly lockFile 3a52ce78- .
28 silly publish { description: 'Add support for different Fonts',
28 silly publish   name: 'ep_font_family',
28 silly publish   version: '0.1.1',
28 silly publish   author: { name: 'John McLear', email: 'john@mclear.co.uk' },
28 silly publish   dependencies: {},
28 silly publish   engines: { node: '*' },
28 silly publish   readme: 'Change the font family / style of text in Etherpad\n',
28 silly publish   readmeFilename: 'README',
28 silly publish   gitHead: '41bb89eed868718efbf2fe29d30b85c0323c54a0',
28 silly publish   _id: 'ep_font_family@0.1.1',
28 silly publish   scripts: {},
28 silly publish   _shasum: '824ea8a888ab1b4d836799d0f8a55e965a0cc60b',
28 silly publish   _from: '.' }
29 verbose request where is /ep_font_family
30 verbose request registry https://registry.npmjs.org/
31 verbose request id b6205bd1174c3d4c
32 verbose url raw /ep_font_family
33 verbose url resolving [ 'https://registry.npmjs.org/', './ep_font_family' ]
34 verbose url resolved https://registry.npmjs.org/ep_font_family
35 verbose request where is https://registry.npmjs.org/ep_font_family
36 info trying registry request attempt 1 at 23:02:43
37 http PUT https://registry.npmjs.org/ep_font_family
38 http 403 https://registry.npmjs.org/ep_font_family
39 verbose headers { date: 'Sun, 04 Jan 2015 23:02:53 GMT',
39 verbose headers   server: 'CouchDB/1.5.0 (Erlang OTP/R16B03)',
39 verbose headers   'content-type': 'application/json',
39 verbose headers   'cache-control': 'max-age=60',
39 verbose headers   'content-length': '1636',
39 verbose headers   'accept-ranges': 'bytes',
39 verbose headers   via: '1.1 varnish',
39 verbose headers   'x-served-by': 'cache-lcy1123-LCY',
39 verbose headers   'x-cache': 'MISS',
39 verbose headers   'x-cache-hits': '0',
39 verbose headers   'x-timer': 'S1420412573.299882,VS0,VE620',
39 verbose headers   'keep-alive': 'timeout=10, max=50',
39 verbose headers   connection: 'Keep-Alive' }
40 error publish Failed PUT 403
41 error Error: forbidden cannot modify pre-existing version: 0.1.1
41 error old={"description":"Add support for different Fonts","name":"ep_font_family","version":"0.1.1","author":{"name":"John McLear","email":"john@mclear.co.uk"},"dependencies":{},"engines":{"node":"*"},"gitHead":"2e16f1c1aaca4263098ba7b105e2a988823e7aaa","_id":"ep_font_family@0.1.1","scripts":{},"_shasum":"6a193431a804179734bd8e4c814a85a36dfe8a40","_from":".","_npmVersion":"1.4.28","_npmUser":{"name":"johnyma22","email":"john@mclear.co.uk"},"maintainers":[{"name":"johnyma22","email":"john@mclear.co.uk"}],"dist":{"shasum":"6a193431a804179734bd8e4c814a85a36dfe8a40","tarball":"http://registry.npmjs.org/ep_font_family/-/ep_font_family-0.1.1.tgz"}}
41 error new={"description":"Add support for different Fonts","name":"ep_font_family","version":"0.1.1","author":{"name":"John McLear","email":"john@mclear.co.uk"},"dependencies":{},"engines":{"node":"*"},"readme":"Change the font family / style of text in Etherpad\u000a","readmeFilename":"README","gitHead":"41bb89eed868718efbf2fe29d30b85c0323c54a0","_id":"ep_font_family@0.1.1","scripts":{},"_shasum":"824ea8a888ab1b4d836799d0f8a55e965a0cc60b","_from":".","_npmVersion":"1.4.28","_npmUser":{"name":"johnyma22","email":"john@mclear.co.uk"},"maintainers":[{"name":"johnyma22","email":"john@mclear.co.uk"}],"dist":{"shasum":"824ea8a888ab1b4d836799d0f8a55e965a0cc60b","tarball":"http://registry.npmjs.org/ep_font_family/-/ep_font_family-0.1.1.tgz"}}: ep_font_family
41 error     at RegClient.<anonymous> (/usr/local/lib/node_modules/npm/node_modules/npm-registry-client/lib/request.js:308:14)
41 error     at Request._callback (/usr/local/lib/node_modules/npm/node_modules/npm-registry-client/lib/request.js:246:65)
41 error     at Request.self.callback (/usr/local/lib/node_modules/npm/node_modules/request/request.js:236:22)
41 error     at Request.emit (events.js:98:17)
41 error     at Request.<anonymous> (/usr/local/lib/node_modules/npm/node_modules/request/request.js:1142:14)
41 error     at Request.emit (events.js:117:20)
41 error     at IncomingMessage.<anonymous> (/usr/local/lib/node_modules/npm/node_modules/request/request.js:1096:12)
41 error     at IncomingMessage.emit (events.js:117:20)
41 error     at _stream_readable.js:943:16
41 error     at process._tickCallback (node.js:419:13)
42 error If you need help, you may report this *entire* log,
42 error including the npm and node versions, at:
42 error     <http://github.com/npm/npm/issues>
43 error System Linux 3.13.0-43-generic
44 error command "/usr/local/bin/node" "/usr/local/bin/npm" "publish"
45 error cwd /home/jose/etherpad-lite/node_modules/ep_font_family
46 error node -v v0.10.33
47 error npm -v 1.4.28
48 verbose exit [ 1, true ]
